2024-10-20 03:08:18,297 - INFO - O código de automação de pesquisa no Edge vai começar....
2024-10-20 03:08:18,297 - INFO - Automação iniciada em segundo plano....
2024-10-20 03:08:18,610 - INFO - Conectividade com a internet verificada.
2024-10-20 03:08:20,922 - INFO - Navegador Edge aberto com sucesso.
2024-10-20 03:08:31,343 - INFO - Pesquisa realizada: What are the main challenges in geography?
2024-10-20 03:08:41,763 - INFO - Pesquisa realizada: What are the latest news in geography?
2024-10-20 03:08:52,200 - INFO - Pesquisa realizada: What is geography?
2024-10-20 03:09:03,024 - INFO - Pesquisa realizada: Who are the leading experts in geography?
2024-10-20 03:09:13,443 - INFO - Pesquisa realizada: How does geography impact society?
2024-10-20 03:09:17,647 - INFO - Dados de navegação e cookies limpos com sucesso.
2024-10-20 03:09:17,748 - INFO - Navegador fechado com sucesso.
2024-10-20 03:09:20,056 - INFO - Navegador Edge aberto com sucesso.
2024-10-20 03:09:30,479 - INFO - Pesquisa realizada: How does history impact society?
2024-10-20 03:09:40,897 - INFO - Pesquisa realizada: What are the main challenges in history?
2024-10-20 03:09:51,325 - INFO - Pesquisa realizada: What are the latest news in history?
2024-10-20 03:10:01,742 - INFO - Pesquisa realizada: Who are the leading experts in history?
2024-10-20 03:10:12,154 - INFO - Pesquisa realizada: What is history?
2024-10-20 03:10:16,358 - INFO - Dados de navegação e cookies limpos com sucesso.
2024-10-20 03:10:16,459 - INFO - Navegador fechado com sucesso.
2024-10-20 03:10:18,767 - INFO - Navegador Edge aberto com sucesso.
2024-10-20 03:21:25,567 - INFO - O código de automação de pesquisa no Edge vai começar....
2024-10-20 03:21:25,567 - INFO - Automação iniciada em segundo plano....
2024-10-20 03:21:25,784 - INFO - Conectividade com a internet verificada.
2024-10-20 03:33:45,978 - INFO - O código de automação de pesquisa no Edge vai começar....
2024-10-20 03:33:45,978 - INFO - Automação iniciada em segundo plano....
2024-10-20 03:33:46,183 - INFO - Conectividade com a internet verificada.
2024-10-20 03:33:48,497 - INFO - Navegador Edge aberto com sucesso.
2024-10-20 03:33:58,917 - INFO - Pesquisa realizada: Who are the leading experts in architecture?
2024-10-20 03:34:09,336 - INFO - Pesquisa realizada: What is architecture?
2024-10-20 03:34:19,759 - INFO - Pesquisa realizada: What are the main challenges in architecture?
2024-10-20 03:34:30,183 - INFO - Pesquisa realizada: How does architecture impact society?
2024-10-20 03:34:40,606 - INFO - Pesquisa realizada: What are the latest news in architecture?
2024-10-20 03:34:44,810 - INFO - Dados de navegação e cookies limpos com sucesso.
2024-10-20 03:34:44,911 - INFO - Navegador fechado com sucesso.
2024-10-20 03:34:47,218 - INFO - Navegador Edge aberto com sucesso.
2024-10-20 03:34:57,636 - INFO - Pesquisa realizada: How does marketing impact society?
2024-10-20 03:35:08,062 - INFO - Pesquisa realizada: What are the latest news in marketing?
2024-10-20 03:35:18,487 - INFO - Pesquisa realizada: Who are the leading experts in marketing?
2024-10-20 03:35:28,915 - INFO - Pesquisa realizada: What are the main challenges in marketing?
2024-10-20 03:35:39,330 - INFO - Pesquisa realizada: What is marketing?
2024-10-20 03:35:43,535 - INFO - Dados de navegação e cookies limpos com sucesso.
2024-10-20 03:35:43,637 - INFO - Navegador fechado com sucesso.
2024-10-20 03:35:45,948 - INFO - Navegador Edge aberto com sucesso.
2024-10-20 03:35:56,368 - INFO - Pesquisa realizada: What are the main challenges in sociology?
2024-10-20 03:36:06,782 - INFO - Pesquisa realizada: What is sociology?
2024-10-20 03:36:17,206 - INFO - Pesquisa realizada: How does sociology impact society?
2024-10-20 03:36:27,627 - INFO - Pesquisa realizada: What are the latest news in sociology?
2024-10-20 03:36:38,054 - INFO - Pesquisa realizada: Who are the leading experts in sociology?
2024-10-20 03:36:42,258 - INFO - Dados de navegação e cookies limpos com sucesso.
2024-10-20 03:36:42,359 - INFO - Navegador fechado com sucesso.
2024-10-20 03:36:44,667 - INFO - Navegador Edge aberto com sucesso.
2024-10-20 03:36:55,086 - INFO - Pesquisa realizada: What are the latest news in geography?
2024-10-20 03:37:05,508 - INFO - Pesquisa realizada: How does geography impact society?
2024-10-20 03:37:15,923 - INFO - Pesquisa realizada: What is geography?
2024-10-20 03:37:26,351 - INFO - Pesquisa realizada: What are the main challenges in geography?
