2024-09-27 00:29:01,166 - INFO - Conectividade com a internet verificada.
2024-09-27 00:29:04,680 - INFO - Navegador Edge aberto com sucesso.
2024-09-27 00:29:16,700 - INFO - Pesquisa realizada: What are the main challenges in anthropology?
2024-09-27 00:29:28,716 - INFO - Pesquisa realizada: How does anthropology impact society?
2024-09-27 00:29:40,735 - INFO - Pesquisa realizada: What are the latest news in anthropology?
2024-09-27 00:29:52,749 - INFO - Pesquisa realizada: What is anthropology?
2024-09-27 00:30:04,767 - INFO - Pesquisa realizada: Who are the leading experts in anthropology?
2024-09-27 00:30:12,324 - INFO - Navegador fechado com sucesso.
2024-09-27 00:30:15,829 - INFO - Navegador Edge aberto com sucesso.
2024-09-27 00:30:27,840 - INFO - Pesquisa realizada: What is geography?
2024-09-27 00:30:39,855 - INFO - Pesquisa realizada: How does geography impact society?
2024-09-27 00:30:51,873 - INFO - Pesquisa realizada: What are the main challenges in geography?
2024-09-27 00:31:03,890 - INFO - Pesquisa realizada: Who are the leading experts in geography?
2024-09-27 00:31:15,906 - INFO - Pesquisa realizada: What are the latest news in geography?
2024-09-27 00:31:28,165 - INFO - Navegador fechado com sucesso.
2024-09-27 00:33:02,035 - INFO - Conectividade com a internet verificada.
2024-09-27 00:33:05,551 - INFO - Navegador Edge aberto com sucesso.
2024-09-27 00:33:17,569 - INFO - Pesquisa realizada: Who are the leading experts in law?
2024-09-27 00:33:29,586 - INFO - Pesquisa realizada: What are the main challenges in law?
2024-09-27 00:33:41,601 - INFO - Pesquisa realizada: What are the latest news in law?
2024-09-27 00:33:53,610 - INFO - Pesquisa realizada: What is law?
2024-09-27 00:34:05,629 - INFO - Pesquisa realizada: How does law impact society?
2024-09-27 00:35:04,037 - INFO - Navegador fechado com sucesso.
2024-09-27 00:35:07,541 - INFO - Navegador Edge aberto com sucesso.
2024-09-27 00:35:19,558 - INFO - Pesquisa realizada: What are the main challenges in economy?
2024-09-27 00:35:31,573 - INFO - Pesquisa realizada: How does economy impact society?
2024-09-27 00:35:43,589 - INFO - Pesquisa realizada: What are the latest news in economy?
2024-09-27 00:35:55,605 - INFO - Pesquisa realizada: Who are the leading experts in economy?
2024-09-27 00:36:07,616 - INFO - Pesquisa realizada: What is economy?
2024-09-27 00:37:03,916 - INFO - Navegador fechado com sucesso.
2024-09-27 00:37:32,914 - INFO - Conectividade com a internet verificada.
2024-09-27 00:37:36,423 - INFO - Navegador Edge aberto com sucesso.
2024-09-27 00:37:48,441 - INFO - Pesquisa realizada: What are the main challenges in biology?
2024-09-27 00:38:00,452 - INFO - Pesquisa realizada: What is biology?
2024-09-27 00:38:12,467 - INFO - Pesquisa realizada: How does biology impact society?
2024-09-27 00:38:24,484 - INFO - Pesquisa realizada: What are the latest news in biology?
2024-09-27 00:38:36,501 - INFO - Pesquisa realizada: Who are the leading experts in biology?
2024-09-27 00:38:43,862 - INFO - Navegador fechado com sucesso.
2024-09-27 00:38:47,367 - INFO - Navegador Edge aberto com sucesso.
2024-09-27 00:38:59,383 - INFO - Pesquisa realizada: Who are the leading experts in politics?
2024-09-27 00:39:11,399 - INFO - Pesquisa realizada: What are the latest news in politics?
2024-09-27 00:39:23,409 - INFO - Pesquisa realizada: What is politics?
2024-09-27 00:39:35,456 - INFO - Pesquisa realizada: What are the main challenges in politics?
2024-09-27 00:39:47,470 - INFO - Pesquisa realizada: How does politics impact society?
2024-09-27 00:39:54,830 - INFO - Navegador fechado com sucesso.
2024-09-27 11:13:38,626 - INFO - Conectividade com a internet verificada.
2024-09-27 11:13:42,148 - INFO - Navegador Edge aberto com sucesso.
2024-09-27 11:13:54,170 - INFO - Pesquisa realizada: What are the main challenges in art?
2024-09-27 11:14:06,183 - INFO - Pesquisa realizada: How does art impact society?
2024-09-27 11:14:18,197 - INFO - Pesquisa realizada: What are the latest news in art?
2024-09-27 11:14:30,213 - INFO - Pesquisa realizada: Who are the leading experts in art?
2024-09-27 11:14:42,223 - INFO - Pesquisa realizada: What is art?
2024-09-27 11:14:52,954 - INFO - Navegador fechado com sucesso.
2024-09-27 11:14:56,458 - INFO - Navegador Edge aberto com sucesso.
2024-09-27 11:15:08,473 - INFO - Pesquisa realizada: How does mathematics impact society?
2024-09-27 11:15:20,484 - INFO - Pesquisa realizada: What is mathematics?
2024-09-27 11:15:32,501 - INFO - Pesquisa realizada: What are the main challenges in mathematics?
2024-09-27 11:15:44,517 - INFO - Pesquisa realizada: Who are the leading experts in mathematics?
2024-09-27 11:15:56,533 - INFO - Pesquisa realizada: What are the latest news in mathematics?
2024-09-27 11:16:12,634 - INFO - Navegador fechado com sucesso.
2024-09-27 11:16:18,478 - INFO - Conectividade com a internet verificada.
2024-09-27 11:16:21,984 - INFO - Navegador Edge aberto com sucesso.
2024-09-27 11:16:34,001 - INFO - Pesquisa realizada: What are the latest news in administration?
2024-09-27 11:16:46,013 - INFO - Pesquisa realizada: What is administration?
2024-09-27 11:16:58,030 - INFO - Pesquisa realizada: How does administration impact society?
2024-09-27 11:17:10,047 - INFO - Pesquisa realizada: Who are the leading experts in administration?
2024-09-27 11:17:22,063 - INFO - Pesquisa realizada: What are the main challenges in administration?
2024-09-27 11:17:29,865 - INFO - Navegador fechado com sucesso.
2024-09-27 11:17:33,369 - INFO - Navegador Edge aberto com sucesso.
2024-09-27 11:17:45,384 - INFO - Pesquisa realizada: How does medicine impact society?
2024-09-27 11:17:57,400 - INFO - Pesquisa realizada: What are the main challenges in medicine?
2024-09-27 11:18:09,416 - INFO - Pesquisa realizada: Who are the leading experts in medicine?
2024-09-27 11:18:21,431 - INFO - Pesquisa realizada: What are the latest news in medicine?
2024-09-27 11:18:33,441 - INFO - Pesquisa realizada: What is medicine?
2024-09-27 11:18:41,105 - INFO - Navegador fechado com sucesso.
2024-09-27 11:19:15,608 - INFO - Conectividade com a internet verificada.
2024-09-27 11:19:19,119 - INFO - Navegador Edge aberto com sucesso.
2024-09-27 11:19:31,136 - INFO - Pesquisa realizada: What are the main challenges in anthropology?
2024-09-27 11:19:43,154 - INFO - Pesquisa realizada: What are the latest news in anthropology?
2024-09-27 11:19:55,171 - INFO - Pesquisa realizada: Who are the leading experts in anthropology?
2024-09-27 11:20:07,186 - INFO - Pesquisa realizada: How does anthropology impact society?
2024-09-27 11:20:19,197 - INFO - Pesquisa realizada: What is anthropology?
2024-09-27 11:20:36,532 - INFO - Navegador fechado com sucesso.
2024-09-27 11:20:40,035 - INFO - Navegador Edge aberto com sucesso.
2024-09-27 11:20:52,050 - INFO - Pesquisa realizada: What are the main challenges in physics?
2024-09-27 11:21:04,064 - INFO - Pesquisa realizada: How does physics impact society?
2024-09-27 11:21:16,081 - INFO - Pesquisa realizada: Who are the leading experts in physics?
2024-09-27 11:21:28,092 - INFO - Pesquisa realizada: What is physics?
2024-09-27 11:21:40,106 - INFO - Pesquisa realizada: What are the latest news in physics?
2024-09-27 11:21:46,428 - INFO - Navegador fechado com sucesso.
