2024-11-19 14:08:40,199 - WARNING - Não foi possível carregar o ícone: bitmap "Luffys_flag.ico" not defined
2024-11-19 14:08:40,199 - WARNING - Não foi possível carregar a imagem: couldn't open "22287dragon_98813.png": no such file or directory
2024-11-19 14:08:53,586 - DEBUG - Using proactor: IocpProactor
2024-11-19 14:08:53,586 - DEBUG - Starting new HTTPS connection (1): www.google.com:443
2024-11-19 14:08:53,789 - DEBUG - https://www.google.com:443 "GET / HTTP/11" 200 None
2024-11-19 14:08:53,789 - INFO - Conectividade com https://www.google.com verificada.
2024-11-19 14:08:56,113 - INFO - Navegador Edge aberto com sucesso.
2024-11-19 14:09:06,543 - INFO - Pesquisa realizada: What are the main challenges in finance?
2024-11-19 14:09:15,746 - INFO - Dados de navegação e cookies limpos com sucesso.
2024-11-19 14:09:15,746 - INFO - Automação concluída com sucesso.
2024-11-21 03:53:09,090 - WARNING - Não foi possível carregar o ícone: bitmap "Luffys_flag.ico" not defined
2024-11-21 03:53:09,090 - WARNING - Não foi possível carregar a imagem: couldn't open "22287dragon_98813.png": no such file or directory
2024-11-21 03:53:11,184 - DEBUG - Using proactor: IocpProactor
2024-11-21 03:53:11,184 - DEBUG - Starting new HTTPS connection (1): www.google.com:443
2024-11-21 03:53:11,403 - DEBUG - https://www.google.com:443 "GET / HTTP/11" 200 None
2024-11-21 03:53:11,403 - INFO - Conectividade com https://www.google.com verificada.
2024-11-21 03:53:13,709 - INFO - Navegador Edge aberto com sucesso.
2024-11-21 03:53:24,131 - INFO - Pesquisa realizada: What is philosophy?
2024-11-21 03:53:39,552 - INFO - Pesquisa realizada: Who are the leading experts in philosophy?
2024-11-21 03:53:54,965 - INFO - Pesquisa realizada: How to make money with philosophy
2024-11-21 03:54:10,372 - INFO - Pesquisa realizada: What are the latest news in philosophy?
2024-12-01 22:43:42,413 - WARNING - Não foi possível carregar o ícone: bitmap "Luffys_flag.ico" not defined
2024-12-01 22:43:42,429 - WARNING - Não foi possível carregar a imagem: couldn't open "22287dragon_98813.png": no such file or directory
2024-12-01 22:43:44,866 - DEBUG - Using proactor: IocpProactor
2024-12-01 22:43:44,882 - DEBUG - Starting new HTTPS connection (1): www.google.com:443
2024-12-01 22:43:45,101 - DEBUG - https://www.google.com:443 "GET / HTTP/11" 200 None
2024-12-01 22:43:45,101 - INFO - Conectividade com https://www.google.com verificada.
2024-12-01 22:43:47,415 - INFO - Navegador Edge aberto com sucesso.
2024-12-01 22:43:57,833 - INFO - Pesquisa realizada: What are the main challenges in geography?
2024-12-01 22:44:03,058 - DEBUG - Using proactor: IocpProactor
2024-12-01 22:44:03,058 - DEBUG - Starting new HTTPS connection (1): www.google.com:443
2024-12-01 22:44:03,174 - DEBUG - Using proactor: IocpProactor
2024-12-01 22:44:03,174 - DEBUG - Starting new HTTPS connection (1): www.google.com:443
2024-12-01 22:44:03,252 - DEBUG - https://www.google.com:443 "GET / HTTP/11" 200 None
2024-12-01 22:44:03,252 - INFO - Conectividade com https://www.google.com verificada.
2024-12-01 22:44:03,361 - DEBUG - https://www.google.com:443 "GET / HTTP/11" 200 None
2024-12-01 22:44:03,361 - INFO - Conectividade com https://www.google.com verificada.
2024-12-01 22:44:05,565 - INFO - Navegador Edge aberto com sucesso.
2024-12-01 22:44:05,676 - INFO - Navegador Edge aberto com sucesso.
2024-12-01 22:44:05,794 - DEBUG - Using proactor: IocpProactor
2024-12-01 22:44:05,794 - DEBUG - Starting new HTTPS connection (1): www.google.com:443
2024-12-01 22:44:05,905 - DEBUG - Using proactor: IocpProactor
2024-12-01 22:44:05,905 - DEBUG - Starting new HTTPS connection (1): www.google.com:443
2024-12-01 22:44:05,990 - DEBUG - https://www.google.com:443 "GET / HTTP/11" 200 None
2024-12-01 22:44:05,990 - INFO - Conectividade com https://www.google.com verificada.
2024-12-01 22:44:06,021 - DEBUG - Using proactor: IocpProactor
2024-12-01 22:44:06,021 - DEBUG - Starting new HTTPS connection (1): www.google.com:443
2024-12-01 22:44:06,098 - DEBUG - https://www.google.com:443 "GET / HTTP/11" 200 None
2024-12-01 22:44:06,114 - INFO - Conectividade com https://www.google.com verificada.
2024-12-01 22:44:06,223 - DEBUG - https://www.google.com:443 "GET / HTTP/11" 200 None
2024-12-01 22:44:06,223 - INFO - Conectividade com https://www.google.com verificada.
2024-12-01 22:44:08,301 - INFO - Navegador Edge aberto com sucesso.
2024-12-01 22:44:08,427 - INFO - Navegador Edge aberto com sucesso.
2024-12-01 22:44:08,543 - INFO - Navegador Edge aberto com sucesso.
2024-12-01 22:44:13,245 - INFO - Pesquisa realizada: What is geography?
2024-12-01 22:44:15,982 - INFO - Pesquisa realizada: How to make money with music
2024-12-01 22:44:16,096 - INFO - Pesquisa realizada: Who are the leading experts in architecture?
2024-12-01 22:44:18,715 - INFO - Pesquisa realizada: How to make money with health
2024-12-01 22:44:18,839 - INFO - Pesquisa realizada: How does law impact society?
2024-12-01 22:44:18,960 - INFO - Pesquisa realizada: What are the latest news in geography?
2024-12-01 22:44:21,229 - DEBUG - Using proactor: IocpProactor
2024-12-01 22:44:21,229 - DEBUG - Starting new HTTPS connection (1): www.google.com:443
2024-12-01 22:44:21,344 - DEBUG - Using proactor: IocpProactor
2024-12-01 22:44:21,344 - DEBUG - Starting new HTTPS connection (1): www.google.com:443
2024-12-01 22:44:21,407 - DEBUG - https://www.google.com:443 "GET / HTTP/11" 200 None
2024-12-01 22:44:21,407 - INFO - Conectividade com https://www.google.com verificada.
2024-12-01 22:44:21,461 - DEBUG - Using proactor: IocpProactor
2024-12-01 22:44:21,461 - DEBUG - Starting new HTTPS connection (1): www.google.com:443
2024-12-01 22:44:21,554 - DEBUG - https://www.google.com:443 "GET / HTTP/11" 200 None
2024-12-01 22:44:21,554 - INFO - Conectividade com https://www.google.com verificada.
2024-12-01 22:44:21,642 - DEBUG - https://www.google.com:443 "GET / HTTP/11" 200 None
2024-12-01 22:44:21,643 - INFO - Conectividade com https://www.google.com verificada.
2024-12-01 22:44:23,732 - INFO - Navegador Edge aberto com sucesso.
2024-12-01 22:44:23,881 - INFO - Navegador Edge aberto com sucesso.
2024-12-01 22:44:23,950 - INFO - Navegador Edge aberto com sucesso.
2024-12-01 22:44:23,950 - DEBUG - Using proactor: IocpProactor
2024-12-01 22:44:23,950 - DEBUG - Starting new HTTPS connection (1): www.google.com:443
2024-12-01 22:44:24,067 - DEBUG - Using proactor: IocpProactor
2024-12-01 22:44:24,067 - DEBUG - Starting new HTTPS connection (1): www.google.com:443
2024-12-01 22:44:24,136 - DEBUG - https://www.google.com:443 "GET / HTTP/11" 200 None
2024-12-01 22:44:24,136 - INFO - Conectividade com https://www.google.com verificada.
2024-12-01 22:44:24,205 - DEBUG - Using proactor: IocpProactor
2024-12-01 22:44:24,205 - DEBUG - Starting new HTTPS connection (1): www.google.com:443
2024-12-01 22:44:24,249 - DEBUG - https://www.google.com:443 "GET / HTTP/11" 200 None
2024-12-01 22:44:24,249 - INFO - Conectividade com https://www.google.com verificada.
2024-12-01 22:44:24,385 - DEBUG - https://www.google.com:443 "GET / HTTP/11" 200 None
2024-12-01 22:44:24,385 - INFO - Conectividade com https://www.google.com verificada.
2024-12-01 22:44:26,452 - INFO - Navegador Edge aberto com sucesso.
2024-12-01 22:44:26,557 - INFO - Navegador Edge aberto com sucesso.
2024-12-01 22:44:26,698 - INFO - Navegador Edge aberto com sucesso.
2024-12-01 22:44:28,674 - INFO - Pesquisa realizada: How to make money with geography
2024-12-01 22:44:31,414 - INFO - Pesquisa realizada: Who are the leading experts in music?
2024-12-01 22:44:31,532 - INFO - Pesquisa realizada: What are the main challenges in architecture?
2024-12-01 22:44:34,140 - INFO - Pesquisa realizada: What are the latest news in health?
2024-12-01 22:44:34,153 - INFO - Pesquisa realizada: What are the main challenges in education?
2024-12-01 22:44:34,262 - INFO - Pesquisa realizada: How to make money with law
2024-12-01 22:44:34,290 - INFO - Pesquisa realizada: How to make money with music
2024-12-01 22:44:34,365 - INFO - Pesquisa realizada: Who are the leading experts in marketing?
2024-12-01 22:44:34,383 - INFO - Pesquisa realizada: How to make money with geography
2024-12-01 22:44:36,645 - DEBUG - Using proactor: IocpProactor
2024-12-01 22:44:36,645 - DEBUG - Starting new HTTPS connection (1): www.google.com:443
2024-12-01 22:44:36,766 - DEBUG - Using proactor: IocpProactor
2024-12-01 22:44:36,766 - DEBUG - Starting new HTTPS connection (1): www.google.com:443
2024-12-01 22:44:36,813 - DEBUG - https://www.google.com:443 "GET / HTTP/11" 200 None
2024-12-01 22:44:36,813 - INFO - Conectividade com https://www.google.com verificada.
2024-12-01 22:44:36,867 - INFO - Pesquisa realizada: What is mathematics?
2024-12-01 22:44:36,890 - DEBUG - Using proactor: IocpProactor
2024-12-01 22:44:36,890 - DEBUG - Starting new HTTPS connection (1): www.google.com:443
2024-12-01 22:44:36,976 - INFO - Pesquisa realizada: How does science impact society?
2024-12-01 22:44:36,976 - DEBUG - https://www.google.com:443 "GET / HTTP/11" 200 None
2024-12-01 22:44:36,976 - INFO - Conectividade com https://www.google.com verificada.
2024-12-01 22:44:37,080 - DEBUG - https://www.google.com:443 "GET / HTTP/11" 200 None
2024-12-01 22:44:37,083 - INFO - Conectividade com https://www.google.com verificada.
2024-12-01 22:44:37,112 - INFO - Pesquisa realizada: How does gastronomy impact society?
2024-12-01 22:44:39,134 - INFO - Navegador Edge aberto com sucesso.

2024-12-01 22:45:57,074 - INFO - Pesquisa realizada: Who are the leading experts in biology?
2024-12-01 22:45:57,207 - INFO - Pesquisa realizada: How does health impact society?
2024-12-01 22:45:57,365 - INFO - Pesquisa realizada: How to make money with music
